This file contains any messages produced by compilers while
running configure, to aid debugging if configure makes a mistake.

It was created by DMTCP configure 2.4.4, which was
generated by GNU Autoconf 2.69.  Invocation command line was

  $ ./configure 

## --------- ##
## Platform. ##
## --------- ##

hostname = master
uname -m = x86_64
uname -r = 3.19.0-56-generic
uname -s = Linux
uname -v = #62~14.04.1-Ubuntu SMP Fri Mar 11 11:03:15 UTC 2016

/usr/bin/uname -p = unknown
/bin/uname -X     = unknown

/bin/arch              = unknown
/usr/bin/arch -k       = unknown
/usr/convex/getsysinfo = unknown
/usr/bin/hostinfo      = unknown
/bin/machine           = unknown
/usr/bin/oslevel       = unknown
/bin/universe          = unknown

PATH: /usr/local/sbin
PATH: /usr/local/bin
PATH: /usr/sbin
PATH: /usr/bin
PATH: /sbin
PATH: /bin
PATH: /usr/games
PATH: /usr/local/games


## ----------- ##
## Core tests. ##
## ----------- ##

configure:2355: checking for a BSD-compatible install
configure:2423: result: /usr/bin/install -c
configure:2434: checking whether build environment is sane
configure:2489: result: yes
configure:2640: checking for a thread-safe mkdir -p
configure:2679: result: /bin/mkdir -p
configure:2686: checking for gawk
configure:2702: found /usr/bin/gawk
configure:2713: result: gawk
configure:2724: checking whether make sets $(MAKE)
configure:2746: result: yes
configure:2775: checking whether make supports nested variables
configure:2792: result: yes
configure:2919: checking whether to enable maintainer-specific portions of Makefiles
configure:2928: result: no
configure:2945: checking build system type
configure:2959: result: x86_64-unknown-linux-gnu
configure:2979: checking host system type
configure:2992: result: x86_64-unknown-linux-gnu
configure:3056: checking for ranlib
configure:3072: found /usr/bin/ranlib
configure:3083: result: ranlib
configure:3105: checking whether make sets $(MAKE)
configure:3127: result: yes
configure:3136: checking whether ln -s works
configure:3140: result: yes
configure:3196: checking for gcc
configure:3212: found /usr/bin/gcc
configure:3223: result: gcc
configure:3452: checking for C compiler version
configure:3461: gcc --version >&5
gcc (Ubuntu 4.8.4-2ubuntu1~14.04.1) 4.8.4
Copyright (C) 2013 Free Software Foundation, Inc.
This is free software; see the source for copying conditions.  There is NO
warranty; not even for MERCHANTABILITY or FITNESS FOR A PARTICULAR PURPOSE.

configure:3472: $? = 0
configure:3461: gcc -v >&5
Using built-in specs.
COLLECT_GCC=gcc
COLLECT_LTO_WRAPPER=/usr/lib/gcc/x86_64-linux-gnu/4.8/lto-wrapper
Target: x86_64-linux-gnu
Configured with: ../src/configure -v --with-pkgversion='Ubuntu 4.8.4-2ubuntu1~14.04.1' --with-bugurl=file:///usr/share/doc/gcc-4.8/README.Bugs --enable-languages=c,c++,java,go,d,fortran,objc,obj-c++ --prefix=/usr --program-suffix=-4.8 --enable-shared --enable-linker-build-id --libexecdir=/usr/lib --without-included-gettext --enable-threads=posix --with-gxx-include-dir=/usr/include/c++/4.8 --libdir=/usr/lib --enable-nls --with-sysroot=/ --enable-clocale=gnu --enable-libstdcxx-debug --enable-libstdcxx-time=yes --enable-gnu-unique-object --disable-libmudflap --enable-plugin --with-system-zlib --disable-browser-plugin --enable-java-awt=gtk --enable-gtk-cairo --with-java-home=/usr/lib/jvm/java-1.5.0-gcj-4.8-amd64/jre --enable-java-home --with-jvm-root-dir=/usr/lib/jvm/java-1.5.0-gcj-4.8-amd64 --with-jvm-jar-dir=/usr/lib/jvm-exports/java-1.5.0-gcj-4.8-amd64 --with-arch-directory=amd64 --with-ecj-jar=/usr/share/java/eclipse-ecj.jar --enable-objc-gc --enable-multiarch --disable-werror --with-arch-32=i686 --with-abi=m64 --with-multilib-list=m32,m64,mx32 --with-tune=generic --enable-checking=release --build=x86_64-linux-gnu --host=x86_64-linux-gnu --target=x86_64-linux-gnu
Thread model: posix
gcc version 4.8.4 (Ubuntu 4.8.4-2ubuntu1~14.04.1) 
configure:3472: $? = 0
configure:3461: gcc -V >&5
gcc: error: unrecognized command line option '-V'
gcc: fatal error: no input files
compilation terminated.
configure:3472: $? = 4
configure:3461: gcc -qversion >&5
gcc: error: unrecognized command line option '-qversion'
gcc: fatal error: no input files
compilation terminated.
configure:3472: $? = 4
configure:3492: checking whether the C compiler works
configure:3514: gcc    conftest.c  >&5
configure:3518: $? = 0
configure:3566: result: yes
configure:3569: checking for C compiler default output file name
configure:3571: result: a.out
configure:3577: checking for suffix of executables
configure:3584: gcc -o conftest    conftest.c  >&5
configure:3588: $? = 0
configure:3610: result: 
configure:3632: checking whether we are cross compiling
configure:3640: gcc -o conftest    conftest.c  >&5
configure:3644: $? = 0
configure:3651: ./conftest
configure:3655: $? = 0
configure:3670: result: no
configure:3675: checking for suffix of object files
configure:3697: gcc -c   conftest.c >&5
configure:3701: $? = 0
configure:3722: result: o
configure:3726: checking whether we are using the GNU C compiler
configure:3745: gcc -c   conftest.c >&5
configure:3745: $? = 0
configure:3754: result: yes
configure:3763: checking whether gcc accepts -g
configure:3783: gcc -c -g  conftest.c >&5
configure:3783: $? = 0
configure:3824: result: yes
configure:3841: checking for gcc option to accept ISO C89
configure:3904: gcc  -c -g -O2  conftest.c >&5
configure:3904: $? = 0
configure:3917: result: none needed
configure:3942: checking whether gcc understands -c and -o together
configure:3964: gcc -c conftest.c -o conftest2.o
configure:3967: $? = 0
configure:3964: gcc -c conftest.c -o conftest2.o
configure:3967: $? = 0
configure:3979: result: yes
configure:4007: checking for style of include used by make
configure:4035: result: GNU
configure:4061: checking dependency style of gcc
configure:4172: result: gcc3
configure:4192: checking how to run the C preprocessor
configure:4223: gcc -E  conftest.c
configure:4223: $? = 0
configure:4237: gcc -E  conftest.c
conftest.c:11:28: fatal error: ac_nonexistent.h: No such file or directory
 #include <ac_nonexistent.h>
                            ^
compilation terminated.
configure:4237: $? = 1
configure: failed program was:
| /* confdefs.h */
| #define PACKAGE_NAME "DMTCP"
| #define PACKAGE_TARNAME "dmtcp"
| #define PACKAGE_VERSION "2.4.4"
| #define PACKAGE_STRING "DMTCP 2.4.4"
| #define PACKAGE_BUGREPORT "dmtcp-forum@lists.sourceforge.net"
| #define PACKAGE_URL "http://dmtcp.sourceforge.net"
| #define PACKAGE "dmtcp"
| #define VERSION "2.4.4"
| /* end confdefs.h.  */
| #include <ac_nonexistent.h>
configure:4262: result: gcc -E
configure:4282: gcc -E  conftest.c
configure:4282: $? = 0
configure:4296: gcc -E  conftest.c
conftest.c:11:28: fatal error: ac_nonexistent.h: No such file or directory
 #include <ac_nonexistent.h>
                            ^
compilation terminated.
configure:4296: $? = 1
configure: failed program was:
| /* confdefs.h */
| #define PACKAGE_NAME "DMTCP"
| #define PACKAGE_TARNAME "dmtcp"
| #define PACKAGE_VERSION "2.4.4"
| #define PACKAGE_STRING "DMTCP 2.4.4"
| #define PACKAGE_BUGREPORT "dmtcp-forum@lists.sourceforge.net"
| #define PACKAGE_URL "http://dmtcp.sourceforge.net"
| #define PACKAGE "dmtcp"
| #define VERSION "2.4.4"
| /* end confdefs.h.  */
| #include <ac_nonexistent.h>
configure:4382: checking for g++
configure:4398: found /usr/bin/g++
configure:4409: result: g++
configure:4436: checking for C++ compiler version
configure:4445: g++ --version >&5
g++ (Ubuntu 4.8.4-2ubuntu1~14.04.1) 4.8.4
Copyright (C) 2013 Free Software Foundation, Inc.
This is free software; see the source for copying conditions.  There is NO
warranty; not even for MERCHANTABILITY or FITNESS FOR A PARTICULAR PURPOSE.

configure:4456: $? = 0
configure:4445: g++ -v >&5
Using built-in specs.
COLLECT_GCC=g++
COLLECT_LTO_WRAPPER=/usr/lib/gcc/x86_64-linux-gnu/4.8/lto-wrapper
Target: x86_64-linux-gnu
Configured with: ../src/configure -v --with-pkgversion='Ubuntu 4.8.4-2ubuntu1~14.04.1' --with-bugurl=file:///usr/share/doc/gcc-4.8/README.Bugs --enable-languages=c,c++,java,go,d,fortran,objc,obj-c++ --prefix=/usr --program-suffix=-4.8 --enable-shared --enable-linker-build-id --libexecdir=/usr/lib --without-included-gettext --enable-threads=posix --with-gxx-include-dir=/usr/include/c++/4.8 --libdir=/usr/lib --enable-nls --with-sysroot=/ --enable-clocale=gnu --enable-libstdcxx-debug --enable-libstdcxx-time=yes --enable-gnu-unique-object --disable-libmudflap --enable-plugin --with-system-zlib --disable-browser-plugin --enable-java-awt=gtk --enable-gtk-cairo --with-java-home=/usr/lib/jvm/java-1.5.0-gcj-4.8-amd64/jre --enable-java-home --with-jvm-root-dir=/usr/lib/jvm/java-1.5.0-gcj-4.8-amd64 --with-jvm-jar-dir=/usr/lib/jvm-exports/java-1.5.0-gcj-4.8-amd64 --with-arch-directory=amd64 --with-ecj-jar=/usr/share/java/eclipse-ecj.jar --enable-objc-gc --enable-multiarch --disable-werror --with-arch-32=i686 --with-abi=m64 --with-multilib-list=m32,m64,mx32 --with-tune=generic --enable-checking=release --build=x86_64-linux-gnu --host=x86_64-linux-gnu --target=x86_64-linux-gnu
Thread model: posix
gcc version 4.8.4 (Ubuntu 4.8.4-2ubuntu1~14.04.1) 
configure:4456: $? = 0
configure:4445: g++ -V >&5
g++: error: unrecognized command line option '-V'
g++: fatal error: no input files
compilation terminated.
configure:4456: $? = 4
configure:4445: g++ -qversion >&5
g++: error: unrecognized command line option '-qversion'
g++: fatal error: no input files
compilation terminated.
configure:4456: $? = 4
configure:4460: checking whether we are using the GNU C++ compiler
configure:4479: g++ -c   conftest.cpp >&5
configure:4479: $? = 0
configure:4488: result: yes
configure:4497: checking whether g++ accepts -g
configure:4517: g++ -c -g  conftest.cpp >&5
configure:4517: $? = 0
configure:4558: result: yes
configure:4583: checking dependency style of g++
configure:4694: result: gcc3
configure:4718: checking for gcc option to support OpenMP
configure:4733: gcc -o conftest -g -O2   conftest.c  >&5
conftest.c:13:2: error: unknown type name 'choke'
  choke me
  ^
In file included from conftest.c:15:0:
/usr/lib/gcc/x86_64-linux-gnu/4.8/include/omp.h:34:1: error: expected '=', ',', ';', 'asm' or '__attribute__' before 'typedef'
 typedef struct
 ^
configure:4733: $? = 1
configure: failed program was:
| /* confdefs.h */
| #define PACKAGE_NAME "DMTCP"
| #define PACKAGE_TARNAME "dmtcp"
| #define PACKAGE_VERSION "2.4.4"
| #define PACKAGE_STRING "DMTCP 2.4.4"
| #define PACKAGE_BUGREPORT "dmtcp-forum@lists.sourceforge.net"
| #define PACKAGE_URL "http://dmtcp.sourceforge.net"
| #define PACKAGE "dmtcp"
| #define VERSION "2.4.4"
| /* end confdefs.h.  */
| 
| #ifndef _OPENMP
|  choke me
| #endif
| #include <omp.h>
| int main () { return omp_get_num_threads (); }
| 
configure:4751: gcc -o conftest -g -O2 -fopenmp   conftest.c  >&5
configure:4751: $? = 0
configure:4765: result: -fopenmp
configure:4791: checking for g++ option to support OpenMP
configure:4806: g++ -o conftest -g -O2   conftest.cpp  >&5
conftest.cpp:13:2: error: 'choke' does not name a type
  choke me
  ^
In file included from conftest.cpp:15:0:
/usr/lib/gcc/x86_64-linux-gnu/4.8/include/omp.h:38:3: error: 'omp_lock_t' does not name a type
 } omp_lock_t;
   ^
/usr/lib/gcc/x86_64-linux-gnu/4.8/include/omp.h:81:28: error: variable or field 'omp_init_lock' declared void
 extern void omp_init_lock (omp_lock_t *) __GOMP_NOTHROW;
                            ^
/usr/lib/gcc/x86_64-linux-gnu/4.8/include/omp.h:81:28: error: 'omp_lock_t' was not declared in this scope
/usr/lib/gcc/x86_64-linux-gnu/4.8/include/omp.h:81:40: error: expected primary-expression before ')' token
 extern void omp_init_lock (omp_lock_t *) __GOMP_NOTHROW;
                                        ^
/usr/lib/gcc/x86_64-linux-gnu/4.8/include/omp.h:82:31: error: variable or field 'omp_destroy_lock' declared void
 extern void omp_destroy_lock (omp_lock_t *) __GOMP_NOTHROW;
                               ^
/usr/lib/gcc/x86_64-linux-gnu/4.8/include/omp.h:82:31: error: 'omp_lock_t' was not declared in this scope
/usr/lib/gcc/x86_64-linux-gnu/4.8/include/omp.h:82:43: error: expected primary-expression before ')' token
 extern void omp_destroy_lock (omp_lock_t *) __GOMP_NOTHROW;
                                           ^
/usr/lib/gcc/x86_64-linux-gnu/4.8/include/omp.h:83:27: error: variable or field 'omp_set_lock' declared void
 extern void omp_set_lock (omp_lock_t *) __GOMP_NOTHROW;
                           ^
/usr/lib/gcc/x86_64-linux-gnu/4.8/include/omp.h:83:27: error: 'omp_lock_t' was not declared in this scope
/usr/lib/gcc/x86_64-linux-gnu/4.8/include/omp.h:83:39: error: expected primary-expression before ')' token
 extern void omp_set_lock (omp_lock_t *) __GOMP_NOTHROW;
                                       ^
/usr/lib/gcc/x86_64-linux-gnu/4.8/include/omp.h:84:29: error: variable or field 'omp_unset_lock' declared void
 extern void omp_unset_lock (omp_lock_t *) __GOMP_NOTHROW;
                             ^
/usr/lib/gcc/x86_64-linux-gnu/4.8/include/omp.h:84:29: error: 'omp_lock_t' was not declared in this scope
/usr/lib/gcc/x86_64-linux-gnu/4.8/include/omp.h:84:41: error: expected primary-expression before ')' token
 extern void omp_unset_lock (omp_lock_t *) __GOMP_NOTHROW;
                                         ^
/usr/lib/gcc/x86_64-linux-gnu/4.8/include/omp.h:85:27: error: 'omp_lock_t' was not declared in this scope
 extern int omp_test_lock (omp_lock_t *) __GOMP_NOTHROW;
                           ^
/usr/lib/gcc/x86_64-linux-gnu/4.8/include/omp.h:85:39: error: expected primary-expression before ')' token
 extern int omp_test_lock (omp_lock_t *) __GOMP_NOTHROW;
                                       ^
/usr/lib/gcc/x86_64-linux-gnu/4.8/include/omp.h:85:41: error: expected ',' or ';' before 'throw'
 extern int omp_test_lock (omp_lock_t *) __GOMP_NOTHROW;
                                         ^
configure:4806: $? = 1
configure: failed program was:
| /* confdefs.h */
| #define PACKAGE_NAME "DMTCP"
| #define PACKAGE_TARNAME "dmtcp"
| #define PACKAGE_VERSION "2.4.4"
| #define PACKAGE_STRING "DMTCP 2.4.4"
| #define PACKAGE_BUGREPORT "dmtcp-forum@lists.sourceforge.net"
| #define PACKAGE_URL "http://dmtcp.sourceforge.net"
| #define PACKAGE "dmtcp"
| #define VERSION "2.4.4"
| /* end confdefs.h.  */
| 
| #ifndef _OPENMP
|  choke me
| #endif
| #include <omp.h>
| int main () { return omp_get_num_threads (); }
| 
configure:4824: g++ -o conftest -g -O2 -fopenmp   conftest.cpp  >&5
configure:4824: $? = 0
configure:4838: result: -fopenmp
configure:5304: checking whether posix mq_open works
configure:5341: gcc -o conftest -g -O0   conftest.c -lrt  >&5
configure:5341: $? = 0
configure:5341: ./conftest
configure:5341: $? = 0
configure:5358: result: yes
configure:5555: checking whether GNU_HASH is supported for ELF
configure:5573: gcc -o conftest -g -O2   conftest.c  >&5
conftest.c: In function 'main':
conftest.c:14:14: warning: incompatible implicit declaration of built-in function 'printf' [enabled by default]
              printf("DT_GNU_HASH: %d\n", DT_GNU_HASH);
              ^
conftest.c:15:14: warning: incompatible implicit declaration of built-in function 'exit' [enabled by default]
              exit(0);
              ^
configure:5573: $? = 0
configure:5573: ./conftest
configure:5573: $? = 0
configure:5587: result: yes
configure:5590: checking whether PR_SET_PTRACER is an option for prctl()
configure:5609: gcc -o conftest -g -O2   conftest.c  >&5
conftest.c: In function 'main':
conftest.c:17:14: warning: incompatible implicit declaration of built-in function 'exit' [enabled by default]
              exit(0);
              ^
configure:5609: $? = 0
configure:5609: ./conftest
configure:5609: $? = 0
configure:5623: result: yes
configure:5626: checking if process_vm_readv/process_vm_writev (CMA) available
configure:5681: gcc -o conftest -g -O2   conftest.c  >&5
configure:5681: $? = 0
configure:5681: ./conftest
configure:5681: $? = 0
configure:5700: result: yes
configure:5704: checking for readline in -lreadline
configure:5729: gcc -o conftest -g -O2   conftest.c -lreadline -lhistory -lcurses  >&5
/usr/bin/ld: cannot find -lreadline
/usr/bin/ld: cannot find -lhistory
/usr/bin/ld: cannot find -lcurses
collect2: error: ld returned 1 exit status
configure:5729: $? = 1
configure: failed program was:
| /* confdefs.h */
| #define PACKAGE_NAME "DMTCP"
| #define PACKAGE_TARNAME "dmtcp"
| #define PACKAGE_VERSION "2.4.4"
| #define PACKAGE_STRING "DMTCP 2.4.4"
| #define PACKAGE_BUGREPORT "dmtcp-forum@lists.sourceforge.net"
| #define PACKAGE_URL "http://dmtcp.sourceforge.net"
| #define PACKAGE "dmtcp"
| #define VERSION "2.4.4"
| #define HAS_GNU_HASH 1
| #define HAS_PR_SET_PTRACER 1
| #define HAS_CMA 1
| /* end confdefs.h.  */
| 
| /* Override any GCC internal prototype to avoid an error.
|    Use char because int might match the return type of a GCC
|    builtin and then its argument prototype would still apply.  */
| #ifdef __cplusplus
| extern "C"
| #endif
| char readline ();
| int
| main ()
| {
| return readline ();
|   ;
|   return 0;
| }
configure:5738: result: no
configure:5750: checking readline/readline.h usability
configure:5750: gcc -c -g -O2  conftest.c >&5
conftest.c:47:31: fatal error: readline/readline.h: No such file or directory
 #include <readline/readline.h>
                               ^
compilation terminated.
configure:5750: $? = 1
configure: failed program was:
| /* confdefs.h */
| #define PACKAGE_NAME "DMTCP"
| #define PACKAGE_TARNAME "dmtcp"
| #define PACKAGE_VERSION "2.4.4"
| #define PACKAGE_STRING "DMTCP 2.4.4"
| #define PACKAGE_BUGREPORT "dmtcp-forum@lists.sourceforge.net"
| #define PACKAGE_URL "http://dmtcp.sourceforge.net"
| #define PACKAGE "dmtcp"
| #define VERSION "2.4.4"
| #define HAS_GNU_HASH 1
| #define HAS_PR_SET_PTRACER 1
| #define HAS_CMA 1
| /* end confdefs.h.  */
| #include <stdio.h>
| #ifdef HAVE_SYS_TYPES_H
| # include <sys/types.h>
| #endif
| #ifdef HAVE_SYS_STAT_H
| # include <sys/stat.h>
| #endif
| #ifdef STDC_HEADERS
| # include <stdlib.h>
| # include <stddef.h>
| #else
| # ifdef HAVE_STDLIB_H
| #  include <stdlib.h>
| # endif
| #endif
| #ifdef HAVE_STRING_H
| # if !defined STDC_HEADERS && defined HAVE_MEMORY_H
| #  include <memory.h>
| # endif
| # include <string.h>
| #endif
| #ifdef HAVE_STRINGS_H
| # include <strings.h>
| #endif
| #ifdef HAVE_INTTYPES_H
| # include <inttypes.h>
| #endif
| #ifdef HAVE_STDINT_H
| # include <stdint.h>
| #endif
| #ifdef HAVE_UNISTD_H
| # include <unistd.h>
| #endif
| #include <readline/readline.h>
configure:5750: result: no
configure:5750: checking readline/readline.h presence
configure:5750: gcc -E  conftest.c
conftest.c:14:31: fatal error: readline/readline.h: No such file or directory
 #include <readline/readline.h>
                               ^
compilation terminated.
configure:5750: $? = 1
configure: failed program was:
| /* confdefs.h */
| #define PACKAGE_NAME "DMTCP"
| #define PACKAGE_TARNAME "dmtcp"
| #define PACKAGE_VERSION "2.4.4"
| #define PACKAGE_STRING "DMTCP 2.4.4"
| #define PACKAGE_BUGREPORT "dmtcp-forum@lists.sourceforge.net"
| #define PACKAGE_URL "http://dmtcp.sourceforge.net"
| #define PACKAGE "dmtcp"
| #define VERSION "2.4.4"
| #define HAS_GNU_HASH 1
| #define HAS_PR_SET_PTRACER 1
| #define HAS_CMA 1
| /* end confdefs.h.  */
| #include <readline/readline.h>
configure:5750: result: no
configure:5750: checking for readline/readline.h
configure:5750: result: no
configure:5750: checking readline/history.h usability
configure:5750: gcc -c -g -O2  conftest.c >&5
conftest.c:47:30: fatal error: readline/history.h: No such file or directory
 #include <readline/history.h>
                              ^
compilation terminated.
configure:5750: $? = 1
configure: failed program was:
| /* confdefs.h */
| #define PACKAGE_NAME "DMTCP"
| #define PACKAGE_TARNAME "dmtcp"
| #define PACKAGE_VERSION "2.4.4"
| #define PACKAGE_STRING "DMTCP 2.4.4"
| #define PACKAGE_BUGREPORT "dmtcp-forum@lists.sourceforge.net"
| #define PACKAGE_URL "http://dmtcp.sourceforge.net"
| #define PACKAGE "dmtcp"
| #define VERSION "2.4.4"
| #define HAS_GNU_HASH 1
| #define HAS_PR_SET_PTRACER 1
| #define HAS_CMA 1
| /* end confdefs.h.  */
| #include <stdio.h>
| #ifdef HAVE_SYS_TYPES_H
| # include <sys/types.h>
| #endif
| #ifdef HAVE_SYS_STAT_H
| # include <sys/stat.h>
| #endif
| #ifdef STDC_HEADERS
| # include <stdlib.h>
| # include <stddef.h>
| #else
| # ifdef HAVE_STDLIB_H
| #  include <stdlib.h>
| # endif
| #endif
| #ifdef HAVE_STRING_H
| # if !defined STDC_HEADERS && defined HAVE_MEMORY_H
| #  include <memory.h>
| # endif
| # include <string.h>
| #endif
| #ifdef HAVE_STRINGS_H
| # include <strings.h>
| #endif
| #ifdef HAVE_INTTYPES_H
| # include <inttypes.h>
| #endif
| #ifdef HAVE_STDINT_H
| # include <stdint.h>
| #endif
| #ifdef HAVE_UNISTD_H
| # include <unistd.h>
| #endif
| #include <readline/history.h>
configure:5750: result: no
configure:5750: checking readline/history.h presence
configure:5750: gcc -E  conftest.c
conftest.c:14:30: fatal error: readline/history.h: No such file or directory
 #include <readline/history.h>
                              ^
compilation terminated.
configure:5750: $? = 1
configure: failed program was:
| /* confdefs.h */
| #define PACKAGE_NAME "DMTCP"
| #define PACKAGE_TARNAME "dmtcp"
| #define PACKAGE_VERSION "2.4.4"
| #define PACKAGE_STRING "DMTCP 2.4.4"
| #define PACKAGE_BUGREPORT "dmtcp-forum@lists.sourceforge.net"
| #define PACKAGE_URL "http://dmtcp.sourceforge.net"
| #define PACKAGE "dmtcp"
| #define VERSION "2.4.4"
| #define HAS_GNU_HASH 1
| #define HAS_PR_SET_PTRACER 1
| #define HAS_CMA 1
| /* end confdefs.h.  */
| #include <readline/history.h>
configure:5750: result: no
configure:5750: checking for readline/history.h
configure:5750: result: no
configure:5773: checking for ps
configure:5790: found /bin/ps
configure:5802: result: yes
configure:5814: checking for python
configure:5830: found /usr/bin/python
configure:5842: result: yes
configure:5854: checking for dash
configure:5870: found /bin/dash
configure:5882: result: yes
configure:5894: checking for tcsh
configure:5922: result: no
configure:5934: checking for zsh
configure:5962: result: no
configure:5974: checking for vim
configure:5991: found /usr/bin/vim
configure:6003: result: yes
configure:6013: checking for vim
configure:6032: found /usr/bin/vim
configure:6045: result: /usr/bin/vim
configure:6057: checking for emacs
configure:6085: result: no
configure:6095: checking for emacs-nox
configure:6123: result: no
configure:6135: checking for script
configure:6151: found /usr/bin/script
configure:6163: result: yes
configure:6175: checking for screen
configure:6191: found /usr/bin/screen
configure:6203: result: yes
configure:6213: checking for screen
configure:6231: found /usr/bin/screen
configure:6244: result: /usr/bin/screen
configure:6256: checking for strace
configure:6272: found /usr/bin/strace
configure:6284: result: yes
configure:6296: checking for gdb
configure:6324: result: no
configure:6336: checking for java
configure:6365: result: no
configure:6377: checking for javac
configure:6406: result: no
configure:6420: checking for cilkc
configure:6449: result: no
configure:6459: checking for cilkc
configure:6491: result: no
configure:6503: checking for gcl
configure:6532: result: no
configure:6542: checking for gcl
configure:6574: result: no
configure:6586: checking for matlab
configure:6615: result: no
configure:6625: checking for matlab
configure:6657: result: no
configure:6669: checking for g++
configure:6686: found /usr/bin/g++
configure:6698: result: yes
configure:6714: checking linux/version.h usability
configure:6714: gcc -c -g -O2  conftest.c >&5
configure:6714: $? = 0
configure:6714: result: yes
configure:6714: checking linux/version.h presence
configure:6714: gcc -E  conftest.c
configure:6714: $? = 0
configure:6714: result: yes
configure:6714: checking for linux/version.h
configure:6714: result: yes
configure:6731: checking for gzip
configure:6748: found /bin/gzip
configure:6760: result: yes
configure:7062: checking for mpicc.openmpi
configure:7080: found /usr/bin/mpicc.openmpi
configure:7092: result: /usr/bin/mpicc.openmpi
configure:7108: checking for mpirun.openmpi
configure:7126: found /usr/bin/mpirun.openmpi
configure:7138: result: /usr/bin/mpirun.openmpi
configure:7187: checking for sys/epoll.h
configure:7187: gcc -c -g -O2  conftest.c >&5
configure:7187: $? = 0
configure:7187: result: yes
configure:7187: checking for sys/eventfd.h
configure:7187: gcc -c -g -O2  conftest.c >&5
configure:7187: $? = 0
configure:7187: result: yes
configure:7187: checking for sys/signalfd.h
configure:7187: gcc -c -g -O2  conftest.c >&5
configure:7187: $? = 0
configure:7187: result: yes
configure:7187: checking for sys/inotify.h
configure:7187: gcc -c -g -O2  conftest.c >&5
configure:7187: $? = 0
configure:7187: result: yes
configure:7208: checking for gcc atomic builtins
configure:7228: g++ -o conftest -g -O2   conftest.cpp  >&5
configure:7228: $? = 0
configure:7241: result: yes
configure:7359: checking that generated files are newer than configure
configure:7365: result: done
configure:7404: creating ./config.status

## ---------------------- ##
## Running config.status. ##
## ---------------------- ##

This file was extended by DMTCP config.status 2.4.4, which was
generated by GNU Autoconf 2.69.  Invocation command line was

  CONFIG_FILES    = 
  CONFIG_HEADERS  = 
  CONFIG_LINKS    = 
  CONFIG_COMMANDS = 
  $ ./config.status 

on master

config.status:933: creating Makefile
config.status:933: creating contrib/Makefile
config.status:933: creating contrib/ckptfile/Makefile
config.status:933: creating contrib/infiniband/Makefile
config.status:933: creating plugin/Makefile
config.status:933: creating src/Makefile
config.status:933: creating src/mtcp/Makefile
config.status:933: creating src/plugin/Makefile
config.status:933: creating test/Makefile
config.status:933: creating test/autotest_config.py
config.status:933: creating test/plugin/Makefile
config.status:933: creating include/config.h
config.status:1114: include/config.h is unchanged
config.status:1162: executing depfiles commands

## ---------------- ##
## Cache variables. ##
## ---------------- ##

ac_cv_build=x86_64-unknown-linux-gnu
ac_cv_c_compiler_gnu=yes
ac_cv_cxx_compiler_gnu=yes
ac_cv_env_CCC_set=
ac_cv_env_CCC_value=
ac_cv_env_CC_set=
ac_cv_env_CC_value=
ac_cv_env_CFLAGS_set=
ac_cv_env_CFLAGS_value=
ac_cv_env_CPPFLAGS_set=
ac_cv_env_CPPFLAGS_value=
ac_cv_env_CPP_set=
ac_cv_env_CPP_value=
ac_cv_env_CXXFLAGS_set=
ac_cv_env_CXXFLAGS_value=
ac_cv_env_CXX_set=
ac_cv_env_CXX_value=
ac_cv_env_LDFLAGS_set=
ac_cv_env_LDFLAGS_value=
ac_cv_env_LIBS_set=
ac_cv_env_LIBS_value=
ac_cv_env_build_alias_set=
ac_cv_env_build_alias_value=
ac_cv_env_host_alias_set=
ac_cv_env_host_alias_value=
ac_cv_env_target_alias_set=
ac_cv_env_target_alias_value=
ac_cv_header_linux_version_h=yes
ac_cv_header_readline_history_h=no
ac_cv_header_readline_readline_h=no
ac_cv_header_sys_epoll_h=yes
ac_cv_header_sys_eventfd_h=yes
ac_cv_header_sys_inotify_h=yes
ac_cv_header_sys_signalfd_h=yes
ac_cv_host=x86_64-unknown-linux-gnu
ac_cv_lib_readline_readline=no
ac_cv_objext=o
ac_cv_path_CILKC=no
ac_cv_path_GCL=no
ac_cv_path_MATLAB=no
ac_cv_path_OPENMPI_MPICC=/usr/bin/mpicc.openmpi
ac_cv_path_OPENMPI_MPIRUN=/usr/bin/mpirun.openmpi
ac_cv_path_SCREEN=/usr/bin/screen
ac_cv_path_VIM=/usr/bin/vim
ac_cv_path_install='/usr/bin/install -c'
ac_cv_path_mkdir=/bin/mkdir
ac_cv_prog_AWK=gawk
ac_cv_prog_CPP='gcc -E'
ac_cv_prog_HAS_CILK=no
ac_cv_prog_HAS_CPP=yes
ac_cv_prog_HAS_DASH=yes
ac_cv_prog_HAS_EMACS=no
ac_cv_prog_HAS_EMACS_NOX=no
ac_cv_prog_HAS_GCL=no
ac_cv_prog_HAS_GDB=no
ac_cv_prog_HAS_GZIP=yes
ac_cv_prog_HAS_JAVA=no
ac_cv_prog_HAS_JAVAC=no
ac_cv_prog_HAS_MATLAB=no
ac_cv_prog_HAS_PS=yes
ac_cv_prog_HAS_PYTHON=yes
ac_cv_prog_HAS_SCREEN=yes
ac_cv_prog_HAS_SCRIPT=yes
ac_cv_prog_HAS_STRACE=yes
ac_cv_prog_HAS_TCSH=no
ac_cv_prog_HAS_VIM=yes
ac_cv_prog_HAS_ZSH=no
ac_cv_prog_ac_ct_CC=gcc
ac_cv_prog_ac_ct_CXX=g++
ac_cv_prog_ac_ct_RANLIB=ranlib
ac_cv_prog_c_openmp=-fopenmp
ac_cv_prog_cc_c89=
ac_cv_prog_cc_g=yes
ac_cv_prog_cxx_g=yes
ac_cv_prog_cxx_openmp=-fopenmp
ac_cv_prog_make_make_set=yes
am_cv_CC_dependencies_compiler_type=gcc3
am_cv_CXX_dependencies_compiler_type=gcc3
am_cv_make_support_nested_variables=yes
am_cv_prog_cc_c_o=yes

## ----------------- ##
## Output variables. ##
## ----------------- ##

AARCH64_HOST='no'
AARCH64_HOST_FALSE=''
AARCH64_HOST_TRUE='#'
ACLOCAL='${SHELL} /home/qr719830/git/dmtcp/missing aclocal-1.15'
AMDEPBACKSLASH='\'
AMDEP_FALSE='#'
AMDEP_TRUE=''
AMTAR='$${TAR-tar}'
AM_BACKSLASH='\'
AM_DEFAULT_V='$(AM_DEFAULT_VERBOSITY)'
AM_DEFAULT_VERBOSITY='1'
AM_V='$(V)'
AUTOCONF='${SHELL} /home/qr719830/git/dmtcp/missing autoconf'
AUTOHEADER='${SHELL} /home/qr719830/git/dmtcp/missing autoheader'
AUTOMAKE='${SHELL} /home/qr719830/git/dmtcp/missing automake-1.15'
AWK='gawk'
CC='gcc'
CCDEPMODE='depmode=gcc3'
CFLAGS='-g -O2'
CILKC='no'
CONFIG_M32_FALSE=''
CONFIG_M32_TRUE='#'
CPP='gcc -E'
CPPFLAGS=''
CXX='g++'
CXXDEPMODE='depmode=gcc3'
CXXFLAGS='-g -O2'
CYGPATH_W='echo'
DEBUG='no'
DEFS='-DHAVE_CONFIG_H'
DEPDIR='.deps'
ECHO_C=''
ECHO_N='-n'
ECHO_T=''
EGREP=''
EXEEXT=''
FAST_RESTART='no'
GCL='no'
GREP=''
HAS_CILK='no'
HAS_CMA='yes'
HAS_CPP='yes'
HAS_DASH='yes'
HAS_EMACS='no'
HAS_EMACS_NOX='no'
HAS_GCL='no'
HAS_GDB='no'
HAS_GZIP='yes'
HAS_JAVA='no'
HAS_JAVAC='no'
HAS_MATLAB='no'
HAS_MPICH='no'
HAS_OPENMPI='yes'
HAS_PS='yes'
HAS_PYTHON='yes'
HAS_READLINE='no'
HAS_SCREEN='yes'
HAS_SCRIPT='yes'
HAS_SSH='no'
HAS_STRACE='yes'
HAS_TCSH='no'
HAS_VIM='yes'
HAS_ZSH='no'
HBICT_DELTACOMP='no'
INFINIBAND_SUPPORT='no'
INSTALL_DATA='${INSTALL} -m 644'
INSTALL_PROGRAM='${INSTALL}'
INSTALL_SCRIPT='${INSTALL}'
INSTALL_STRIP_PROGRAM='$(install_sh) -c -s'
LDFLAGS=''
LIBOBJS=''
LIBS=''
LN_S='ln -s'
LTLIBOBJS=''
M32='0'
MAINT='#'
MAINTAINER_MODE_FALSE=''
MAINTAINER_MODE_TRUE='#'
MAKEINFO='${SHELL} /home/qr719830/git/dmtcp/missing makeinfo'
MATLAB='no'
MKDIR_P='/bin/mkdir -p'
MPICH_MPD=''
MPICH_MPDALLEXIT=''
MPICH_MPDBOOT=''
MPICH_MPDCLEANUP=''
MPICH_MPICC=''
MPICH_MPIEXEC=''
OBJEXT='o'
OPENMPI_MPICC='/usr/bin/mpicc.openmpi'
OPENMPI_MPIRUN='/usr/bin/mpirun.openmpi'
OPENMP_CFLAGS='-fopenmp'
OPENMP_CXXFLAGS='-fopenmp'
PACKAGE='dmtcp'
PACKAGE_BUGREPORT='dmtcp-forum@lists.sourceforge.net'
PACKAGE_NAME='DMTCP'
PACKAGE_STRING='DMTCP 2.4.4'
PACKAGE_TARNAME='dmtcp'
PACKAGE_URL='http://dmtcp.sourceforge.net'
PACKAGE_VERSION='2.4.4'
PATH_SEPARATOR=':'
RANLIB='ranlib'
SCREEN='/usr/bin/screen'
SET_MAKE=''
SHELL='/bin/bash'
STRIP=''
TEST_POSIX_MQ='yes'
USE_TEST_SUITE='yes'
VERSION='2.4.4'
VIM='/usr/bin/vim'
ac_ct_CC='gcc'
ac_ct_CXX='g++'
am__EXEEXT_FALSE=''
am__EXEEXT_TRUE='#'
am__fastdepCC_FALSE='#'
am__fastdepCC_TRUE=''
am__fastdepCXX_FALSE='#'
am__fastdepCXX_TRUE=''
am__include='include'
am__isrc=''
am__leading_dot='.'
am__nodep='_no'
am__quote=''
am__tar='$${TAR-tar} chof - "$$tardir"'
am__untar='$${TAR-tar} xf -'
bindir='${exec_prefix}/bin'
build='x86_64-unknown-linux-gnu'
build_alias=''
build_cpu='x86_64'
build_os='linux-gnu'
build_vendor='unknown'
datadir='${datarootdir}'
datarootdir='${prefix}/share'
docdir='${datarootdir}/doc/${PACKAGE_TARNAME}'
dvidir='${docdir}'
exec_prefix='${prefix}'
host='x86_64-unknown-linux-gnu'
host_alias=''
host_cpu='x86_64'
host_os='linux-gnu'
host_vendor='unknown'
htmldir='${docdir}'
includedir='${prefix}/include'
infodir='${datarootdir}/info'
install_sh='${SHELL} /home/qr719830/git/dmtcp/install-sh'
libdir='${exec_prefix}/lib'
libexecdir='${exec_prefix}/libexec'
localedir='${datarootdir}/locale'
localstatedir='${prefix}/var'
mandir='${datarootdir}/man'
mkdir_p='$(MKDIR_P)'
oldincludedir='/usr/include'
pdfdir='${docdir}'
prefix='/usr/local'
program_transform_name='s,x,x,'
psdir='${docdir}'
sbindir='${exec_prefix}/sbin'
sharedstatedir='${prefix}/com'
sysconfdir='${prefix}/etc'
target_alias=''

## ----------- ##
## confdefs.h. ##
## ----------- ##

/* confdefs.h */
#define PACKAGE_NAME "DMTCP"
#define PACKAGE_TARNAME "dmtcp"
#define PACKAGE_VERSION "2.4.4"
#define PACKAGE_STRING "DMTCP 2.4.4"
#define PACKAGE_BUGREPORT "dmtcp-forum@lists.sourceforge.net"
#define PACKAGE_URL "http://dmtcp.sourceforge.net"
#define PACKAGE "dmtcp"
#define VERSION "2.4.4"
#define HAS_GNU_HASH 1
#define HAS_PR_SET_PTRACER 1
#define HAS_CMA 1
#define HAVE_LINUX_VERSION_H 1
#define ELF_INTERPRETER "/lib64/ld-linux-x86-64.so.2"
#define HAVE_SYS_EPOLL_H 1
#define HAVE_SYS_EVENTFD_H 1
#define HAVE_SYS_SIGNALFD_H 1
#define HAVE_SYS_INOTIFY_H 1
#define HAS_ATOMIC_BUILTINS 1

configure: exit 0
